<?xml version="1.0" encoding="UTF-8"?>
<testsuites name="Third party" tests="1" time="0.117">
  <testsuite name="3rd party" id="6a406948-c885-46e1-ac4f-82a3c84f3e9d" timestamp="2024-05-10T03:13:55.691Z" tests="2" failures="0" errors="0" time="0.117">
    <testcase name="Status code is 200" time="0.117" classname="ThirdParty"/>
    <testcase name="Schema is valid" time="0.117" classname="ThirdParty"/>
  </testsuite>
</testsuites>